12392:M 26 Jul 18:14:45.615 * Increased maximum number of open files to 10032 (it was originally set to 256).
                _._                                                  
           _.-``__ ''-._                                             
      _.-``    `.  `_.  ''-._           Redis 3.2.1 (00000000/0) 64 bit
  .-`` .-```.  ```\/    _.,_ ''-._                                   
 (    '      ,       .-`  | `,    )     Running in standalone mode
 |`-._`-...-` __...-.``-._|'` _.-'|     Port: 6379
 |    `-._   `._    /     _.-'    |     PID: 12392
  `-._    `-._  `-./  _.-'    _.-'                                   
 |`-._`-._    `-.__.-'    _.-'_.-'|                                  
 |    `-._`-._        _.-'_.-'    |           http://redis.io        
  `-._    `-._`-.__.-'_.-'    _.-'                                   
 |`-._`-._    `-.__.-'    _.-'_.-'|                                  
 |    `-._`-._        _.-'_.-'    |                                  
  `-._    `-._`-.__.-'_.-'    _.-'                                   
      `-._    `-.__.-'    _.-'                                       
          `-._        _.-'                                           
              `-.__.-'                                               

12392:M 26 Jul 18:14:45.637 # Server started, Redis version 3.2.1
12392:M 26 Jul 18:14:45.639 * DB loaded from disk: 0.002 seconds
12392:M 26 Jul 18:14:45.639 * The server is now ready to accept connections on port 6379
12392:M 26 Jul 18:29:46.076 * 1 changes in 900 seconds. Saving...
12392:M 26 Jul 18:29:46.079 * Background saving started by pid 12838
12838:C 26 Jul 18:29:46.084 * DB saved on disk
12392:M 26 Jul 18:29:46.180 * Background saving terminated with success
